mode: set
20_Clean_Architecture/praktikum/controllers/user.go:23.74,27.2 1 1
20_Clean_Architecture/praktikum/controllers/user.go:29.59,31.15 2 1
20_Clean_Architecture/praktikum/controllers/user.go:31.15,35.3 1 0
20_Clean_Architecture/praktikum/controllers/user.go:36.2,38.4 1 1
20_Clean_Architecture/praktikum/controllers/user.go:41.58,45.15 3 1
20_Clean_Architecture/praktikum/controllers/user.go:45.15,49.3 1 0
20_Clean_Architecture/praktikum/controllers/user.go:51.2,52.16 2 1
20_Clean_Architecture/praktikum/controllers/user.go:52.16,56.3 1 1
20_Clean_Architecture/praktikum/controllers/user.go:58.2,59.16 2 1
20_Clean_Architecture/praktikum/controllers/user.go:59.16,63.3 1 0
20_Clean_Architecture/praktikum/controllers/user.go:64.2,70.4 2 1
